{"id":"e7d07993-e17d-47f4-95f1-2c0ec97ecbf8","level":"info","message":"Server is running on port 5050","timestamp":"2025-05-14T16:50:39.872Z"}
{"id":"03760435-1456-4913-b3aa-afc636d0c060","level":"info","message":"Server is running on port 5050","timestamp":"2025-05-14T16:50:44.050Z"}
{"id":"b06796d6-77e1-4539-83b9-dd3d3f607aeb","level":"info","message":"Database connected successfully","timestamp":"2025-05-14T16:50:47.090Z"}
{"id":"0fe803fd-2266-4207-9dc6-f8d3a048acc9","level":"info","message":"Server is running on port 5050","timestamp":"2025-05-14T16:50:57.286Z"}
{"id":"fa1a8cec-b65e-4b1a-938b-82f3d6df714b","level":"info","message":"Database connected successfully","timestamp":"2025-05-14T16:50:59.491Z"}
{"id":"cf5911ea-02bd-4609-ba8c-d6cbb381a025","level":"info","message":"Server is running on port 5050","timestamp":"2025-05-14T16:51:00.907Z"}
{"id":"0be1f14c-756b-479a-8a27-5a1ab2ee474a","level":"info","message":"Database connected successfully","timestamp":"2025-05-14T16:51:01.616Z"}
{"id":"57613a59-d196-43e3-8950-eeec7e6e7318","level":"info","message":"Server is running on port 5050","timestamp":"2025-05-14T16:51:04.149Z"}
{"id":"ed1abe12-f5c4-40d2-9444-a892f9f7b450","level":"info","message":"Database connected successfully","timestamp":"2025-05-14T16:51:04.862Z"}
{"id":"3990350c-f4d9-465c-a049-4ea944e26820","level":"info","message":"Server is running on port 5050","timestamp":"2025-05-14T16:51:08.944Z"}
{"id":"0fed52f2-3222-490e-ab35-9725f63fd822","level":"info","message":"Server is running on port 5050","timestamp":"2025-05-14T16:51:12.834Z"}
{"id":"44c064a1-4d67-453a-86b0-7a7f01fa4a7e","level":"info","message":"Database connected successfully","timestamp":"2025-05-14T16:51:14.907Z"}
{"id":"fa205ba1-4e56-480b-bbdf-af534840b9d4","level":"info","message":"Server is running on port 5050","timestamp":"2025-05-14T16:51:17.392Z"}
{"id":"686d71f9-1684-4b84-a7fa-1baeb03c476d","level":"info","message":"Database connected successfully","timestamp":"2025-05-14T16:51:18.044Z"}
{"id":"c34e5fae-ffcf-4070-a1c8-a72d376c1a02","level":"info","message":"Server is running on port 5050","timestamp":"2025-05-14T16:51:23.184Z"}
{"id":"fb14394b-3c89-4175-a7a6-ab40876dc0dc","level":"info","message":"Database connected successfully","timestamp":"2025-05-14T16:51:23.868Z"}
{"id":"b366614f-ce7f-4d43-a9b6-71527785a202","level":"info","message":"Server is running on port 5050","timestamp":"2025-05-14T16:51:27.582Z"}
{"id":"c9f8ca0f-7345-4485-8b31-db4b87ee4473","level":"info","message":"Database connected successfully","timestamp":"2025-05-14T16:51:28.255Z"}
{"id":"d01dca3c-748e-482c-99d8-2176cc12c556","level":"info","message":"Server is running on port 5050","timestamp":"2025-05-14T16:51:32.711Z"}
{"id":"9a09c00a-5fa2-4279-8d69-76ba41308a68","level":"info","message":"Server is running on port 5050","timestamp":"2025-05-14T16:51:35.268Z"}
{"id":"0392057f-73e1-49b6-886f-2735d504f51c","level":"info","message":"Database connected successfully","timestamp":"2025-05-14T16:51:35.953Z"}
{"id":"1c913ec6-bd52-4cbe-ad33-038ecfb7df26","level":"info","message":"Server is running on port 5050","timestamp":"2025-05-14T16:52:10.452Z"}
{"id":"76c8a680-cbaa-4a60-b949-0d02d9a3159a","level":"info","message":"Database connected successfully","timestamp":"2025-05-14T16:52:11.689Z"}
{"id":"452793fb-ce5b-47cb-bbc7-f0188fb1fa4d","level":"info","message":"Server is running on port 5050","timestamp":"2025-05-14T16:53:20.984Z"}
{"id":"5675c911-e893-47bc-b4a3-8a335b14dc6f","level":"info","message":"Database connected successfully","timestamp":"2025-05-14T16:53:21.675Z"}
{"id":"86f73f06-2410-4774-b263-bfe81320b934","level":"info","message":"Server is running on port 5050","timestamp":"2025-05-14T16:54:22.195Z"}
{"id":"e71f6c1a-415f-4d21-8e37-6ba5f4247eda","level":"info","message":"Server is running on port 5050","timestamp":"2025-05-14T16:54:30.054Z"}
{"id":"3ba659d5-c63b-404d-a41b-587e4e7b5ce8","level":"info","message":"Server is running on port 5050","timestamp":"2025-05-14T16:54:50.033Z"}
{"id":"dd8005f1-431b-4c3e-a18b-6f8fd3cc4b66","level":"info","message":"Database connected successfully","timestamp":"2025-05-14T16:54:57.155Z"}
{"id":"1294ecdd-fa78-474d-bccf-fa27240c797a","level":"info","message":"Server is running on port 5050","timestamp":"2025-05-14T16:55:29.004Z"}
{"id":"4a938bc8-6465-4661-b2a3-5fb5106ac111","level":"info","message":"Database connected successfully","timestamp":"2025-05-14T16:55:31.205Z"}
{"id":"d26d6a38-acec-4d29-b435-de3fe9a11497","level":"info","message":"Server is running on port 5050","timestamp":"2025-05-14T16:55:37.046Z"}
{"id":"f2c4bbc6-3bad-48ed-b58d-680674ce076e","level":"info","message":"Database connected successfully","timestamp":"2025-05-14T16:55:40.937Z"}
{"id":"e254d736-9ed6-47e1-8837-502d47f571b3","level":"info","message":"Server is running on port 5050","timestamp":"2025-05-14T16:55:51.184Z"}
{"id":"17f0c178-79a1-4447-bb1c-ba89e242f39d","level":"info","message":"Database connected successfully","timestamp":"2025-05-14T16:55:52.408Z"}
{"id":"960cacce-9a24-4920-a4e4-9eb4ab33c9fe","level":"error","message":"Database connection error: id is not defined","timestamp":"2025-05-14T16:55:52.409Z"}
{"id":"921bd6b1-9cd0-4f0e-91f1-356ab829bbf8","level":"info","message":"Server is running on port 5050","timestamp":"2025-05-14T16:56:01.976Z"}
{"id":"2f50749a-fe3e-4fa8-a6a6-ee9e8f0000e9","level":"info","message":"Database connected successfully","timestamp":"2025-05-14T16:56:03.199Z"}
{"id":"f81934e0-becb-44fc-bc77-0a67c712a197","level":"info","message":"Server is running on port 5050","timestamp":"2025-05-14T16:57:26.231Z"}
{"id":"96a4a398-36f8-4aee-8eb1-3d9a6983665d","level":"info","message":"Database connected successfully","timestamp":"2025-05-14T16:57:29.632Z"}
{"id":"de4cc93a-08bb-4b16-89f9-df6b949e71d6","level":"info","message":"Server is running on port 5050","timestamp":"2025-05-14T16:57:45.885Z"}
{"id":"bccdbefe-07c7-42b1-a043-d02cae795c79","level":"info","message":"Database connected successfully","timestamp":"2025-05-14T16:57:47.183Z"}
{"id":"3832ca53-72ce-4d8a-8cdf-9207d97e261c","level":"info","message":"Server is running on port 5050","timestamp":"2025-05-14T16:58:03.329Z"}
{"id":"75d9cc86-63b9-4d77-8237-f245eb0fe6e2","level":"info","message":"Database connected successfully","timestamp":"2025-05-14T16:58:04.698Z"}
{"id":"92e52533-937a-407b-89ce-3f6a394507c5","level":"info","message":"Server is running on port 5050","timestamp":"2025-05-14T17:00:03.109Z"}
{"id":"67f08827-08e9-419c-82ca-1b95dc55366e","level":"info","message":"Database connected successfully","timestamp":"2025-05-14T17:00:05.907Z"}
{"id":"b62153b5-a27a-4e2a-bb79-d6a7f9f56dee","level":"info","message":"Server is running on port 5050","timestamp":"2025-05-14T17:00:33.552Z"}
{"id":"8f6f04d4-ae0a-4597-8a73-2f341c17b41d","level":"info","message":"Database connected successfully","timestamp":"2025-05-14T17:00:34.490Z"}
{"id":"2cf9101e-9e13-4161-9c37-28bc3028e899","level":"info","message":"Server is running on port 5050","timestamp":"2025-05-14T17:00:47.164Z"}
{"id":"56176b0f-9c59-46a0-bfaf-b19d7ed9c1ab","level":"info","message":"Database connected successfully","timestamp":"2025-05-14T17:00:48.105Z"}
{"id":"748665d1-a8c4-4edf-a82e-dd374a5eb230","level":"info","message":"Server is running on port 5050","timestamp":"2025-05-14 22:32:48"}
{"id":"4413ecff-74cb-4e5e-9991-9b0c80081c8f","level":"info","message":"Database connected successfully","timestamp":"2025-05-14 22:32:48"}
{"id":"653f71b4-be7a-4c70-8823-d0b95fa8bc2f","level":"info","message":"Server is running on port 5050","timestamp":"2025-05-14 22:33:26"}
{"id":"5713e53b-8470-4683-a154-ea791568a67f","level":"info","message":"Database connected successfully","timestamp":"2025-05-14 22:33:27"}
{"id":"cd033c52-0513-44a5-a20d-c34ef675310c","level":"info","message":"Server is running on port 5050","timestamp":"2025-05-14 22:33:32"}
{"id":"5eecad9b-24b7-4f8b-82b7-13bae23dba1a","level":"info","message":"Database connected successfully","timestamp":"2025-05-14 22:33:33"}
{"id":"011f0dbd-e792-431e-bf6e-025267451bc6","level":"info","message":"Server is running on port 5050","timestamp":"2025-05-14 22:42:54"}
{"id":"628feb3c-0950-40f9-b578-a4eb016be09e","level":"info","message":"Database connected successfully","timestamp":"2025-05-14 22:42:55"}
{"id":"005c029f-026e-439e-939b-a92723730187","level":"info","message":"Server is running on port 5050","timestamp":"2025-05-14 23:04:09"}
{"id":"6898bce4-34f4-4ae7-b22c-bbb0590d25d9","level":"info","message":"Server is running on port 5050","timestamp":"2025-05-14 23:04:47"}
{"id":"59e7e043-b460-45a7-b56e-47843b01b878","level":"info","message":"Server is running on port 5050","timestamp":"2025-05-14 23:05:29"}
{"id":"226d753e-ac9e-4df3-9540-410b2eb3fbcd","level":"info","message":"Server is running on port 5050","timestamp":"2025-05-14 23:08:43"}
{"id":"33d37b63-67c4-46ef-a18d-2f84b370a8e9","level":"info","message":"Server is running on port 5050","timestamp":"2025-05-14 23:09:29"}
{"id":"6ddd43fb-8b8c-46c5-b928-3fef4b3be775","level":"info","message":"Server is running on port 5050","timestamp":"2025-05-14 23:10:05"}
{"id":"49fa2144-8ed0-4a15-a5d6-9cf433953c06","level":"info","message":"Database connected successfully","timestamp":"2025-05-14 23:10:32"}
{"id":"66fa6d96-fb90-48a7-99e8-85324264c3d7","level":"info","message":"Server is running on port 5050","timestamp":"2025-05-15 21:26:31"}
{"id":"8e34612d-3ed0-434d-86b4-6793b07d2b36","level":"info","message":"Database connected successfully","timestamp":"2025-05-15 21:26:36"}
{"id":"8c556792-b6f5-4bf1-bdd1-a86e37e17956","level":"info","message":"Server is running on port 5050","timestamp":"2025-05-15 21:41:24"}
{"id":"96768bdc-433c-42bd-9e40-3f52b5ca6e9c","level":"info","message":"Database connected successfully","timestamp":"2025-05-15 21:41:29"}
